<?xml version="1.0" encoding="UTF-8"?>
<!-- Generated by org.testng.reporters.JUnitReportReporter -->
<testsuite hostname="DESKTOP-OOAJ2R4" failures="0" tests="1" name="sample1.SampleTest1" time="36.055" errors="0" timestamp="2021-06-23T10:41:57 IST" skipped="0">
  <testcase classname="sample1.SampleTest1" name="login" time="36.055"/>
  <system-out/>
</testsuite> <!-- sample1.SampleTest1 -->
